1530279372550	geckodriver	INFO	geckodriver 0.21.0
1530279372550	geckodriver	INFO	geckodriver 0.21.0
1530279372550	geckodriver	INFO	geckodriver 0.21.0
1530279372552	geckodriver	INFO	geckodriver 0.21.0
1530279372553	geckodriver	INFO	geckodriver 0.21.0
1530279372555	geckodriver	INFO	geckodriver 0.21.0
1530279372556	geckodriver	INFO	geckodriver 0.21.0
1530279372562	geckodriver	INFO	Listening on 127.0.0.1:54379
1530279372562	geckodriver	INFO	Listening on 127.0.0.1:54378
1530279372564	geckodriver	INFO	Listening on 127.0.0.1:54380
1530279372566	geckodriver	INFO	Listening on 127.0.0.1:54381
1530279372567	geckodriver	INFO	Listening on 127.0.0.1:54382
1530279372568	geckodriver	INFO	Listening on 127.0.0.1:54383
1530279372572	geckodriver	INFO	Listening on 127.0.0.1:54377
1530279372573	geckodriver	INFO	geckodriver 0.21.0
1530279372584	geckodriver	INFO	Listening on 127.0.0.1:54384
1530279372594	mozrunner::runner	INFO	Running command: "/Applications/Firefox.app/Contents/MacOS/firefox-bin" "-marionette" "--headless" "-foreground" "-no-remote" "-profile" "/var/folders/h7/v1l7rrb12jxb4q7c1nwd547m0000gn/T/rust_mozprofile.VkK6E0oxPhmz"
1530279372594	mozrunner::runner	INFO	Running command: "/Applications/Firefox.app/Contents/MacOS/firefox-bin" "-marionette" "--headless" "-foreground" "-no-remote" "-profile" "/var/folders/h7/v1l7rrb12jxb4q7c1nwd547m0000gn/T/rust_mozprofile.LOToNTWd4oFC"
1530279372609	mozrunner::runner	INFO	Running command: "/Applications/Firefox.app/Contents/MacOS/firefox-bin" "-marionette" "--headless" "-foreground" "-no-remote" "-profile" "/var/folders/h7/v1l7rrb12jxb4q7c1nwd547m0000gn/T/rust_mozprofile.M5cSVHFfNBA5"
1530279372611	mozrunner::runner	INFO	Running command: "/Applications/Firefox.app/Contents/MacOS/firefox-bin" "-marionette" "--headless" "-foreground" "-no-remote" "-profile" "/var/folders/h7/v1l7rrb12jxb4q7c1nwd547m0000gn/T/rust_mozprofile.zI87PonVAuZ5"
1530279372613	mozrunner::runner	INFO	Running command: "/Applications/Firefox.app/Contents/MacOS/firefox-bin" "-marionette" "--headless" "-foreground" "-no-remote" "-profile" "/var/folders/h7/v1l7rrb12jxb4q7c1nwd547m0000gn/T/rust_mozprofile.B2ISaRea0hmq"
1530279372615	mozrunner::runner	INFO	Running command: "/Applications/Firefox.app/Contents/MacOS/firefox-bin" "-marionette" "--headless" "-foreground" "-no-remote" "-profile" "/var/folders/h7/v1l7rrb12jxb4q7c1nwd547m0000gn/T/rust_mozprofile.RcZXPOktuXrW"
1530279372621	mozrunner::runner	INFO	Running command: "/Applications/Firefox.app/Contents/MacOS/firefox-bin" "-marionette" "--headless" "-foreground" "-no-remote" "-profile" "/var/folders/h7/v1l7rrb12jxb4q7c1nwd547m0000gn/T/rust_mozprofile.Ozg4DP54lPai"
1530279372626	mozrunner::runner	INFO	Running command: "/Applications/Firefox.app/Contents/MacOS/firefox-bin" "-marionette" "--headless" "-foreground" "-no-remote" "-profile" "/var/folders/h7/v1l7rrb12jxb4q7c1nwd547m0000gn/T/rust_mozprofile.AoooRHPB5sXe"
*** You are running in headless mode.
*** You are running in headless mode.
*** You are running in headless mode.
*** You are running in headless mode.
*** You are running in headless mode.
*** You are running in headless mode.
*** You are running in headless mode.
*** You are running in headless mode.
2018-06-29 06:36:15.393 plugin-container[46017:16908742] *** CFMessagePort: bootstrap_register(): failed 1100 (0x44c) 'Permission denied', port = 0x9f37, name = 'com.apple.tsm.portname'
See /usr/include/servers/bootstrap_defs.h for the error codes.
2018-06-29 06:36:15.406 plugin-container[46018:16908745] *** CFMessagePort: bootstrap_register(): failed 1100 (0x44c) 'Permission denied', port = 0x9b3b, name = 'com.apple.tsm.portname'
See /usr/include/servers/bootstrap_defs.h for the error codes.
2018-06-29 06:36:15.416 plugin-container[46016:16908741] *** CFMessagePort: bootstrap_register(): failed 1100 (0x44c) 'Permission denied', port = 0x9d3b, name = 'com.apple.tsm.portname'
See /usr/include/servers/bootstrap_defs.h for the error codes.
2018-06-29 06:36:15.521 plugin-container[46019:16908810] *** CFMessagePort: bootstrap_register(): failed 1100 (0x44c) 'Permission denied', port = 0x9c3b, name = 'com.apple.tsm.portname'
See /usr/include/servers/bootstrap_defs.h for the error codes.
2018-06-29 06:36:15.556 plugin-container[46020:16908816] *** CFMessagePort: bootstrap_register(): failed 1100 (0x44c) 'Permission denied', port = 0x9d37, name = 'com.apple.tsm.portname'
See /usr/include/servers/bootstrap_defs.h for the error codes.
[Parent 46015, Gecko_IOThread] WARNING: parent WaitForMessage() failed: 0x10004003 (ipc/rcv) timed out: file /builds/worker/workspace/build/src/ipc/glue/GeckoChildProcessHost.cpp, line 827
[Parent 46015, Gecko_IOThread] WARNING: Failed to launch tab subprocess: file /builds/worker/workspace/build/src/ipc/glue/GeckoChildProcessHost.cpp, line 557
[Parent 46014, Gecko_IOThread] WARNING: parent WaitForMessage() failed: 0x10004003 (ipc/rcv) timed out: file /builds/worker/workspace/build/src/ipc/glue/GeckoChildProcessHost.cpp, line 827
[Parent 46014, Gecko_IOThread] WARNING: Failed to launch tab subprocess: file /builds/worker/workspace/build/src/ipc/glue/GeckoChildProcessHost.cpp, line 557
[Parent 46013, Gecko_IOThread] WARNING: parent WaitForMessage() failed: 0x10004003 (ipc/rcv) timed out: file /builds/worker/workspace/build/src/ipc/glue/GeckoChildProcessHost.cpp, line 827
[Parent 46013, Gecko_IOThread] WARNING: Failed to launch tab subprocess: file /builds/worker/workspace/build/src/ipc/glue/GeckoChildProcessHost.cpp, line 557
[Parent 46012, Gecko_IOThread] WARNING: parent WaitForMessage() failed: 0x10004003 (ipc/rcv) timed out: file /builds/worker/workspace/build/src/ipc/glue/GeckoChildProcessHost.cpp, line 827
[Parent 46012, Gecko_IOThread] WARNING: Failed to launch tab subprocess: file /builds/worker/workspace/build/src/ipc/glue/GeckoChildProcessHost.cpp, line 557
[Parent 46008, Gecko_IOThread] WARNING: parent WaitForMessage() failed: 0x10004003 (ipc/rcv) timed out: file /builds/worker/workspace/build/src/ipc/glue/GeckoChildProcessHost.cpp, line 827
[Parent 46008, Gecko_IOThread] WARNING: Failed to launch tab subprocess: file /builds/worker/workspace/build/src/ipc/glue/GeckoChildProcessHost.cpp, line 557
[Parent 46010, Gecko_IOThread] WARNING: parent WaitForMessage() failed: 0x10004003 (ipc/rcv) timed out: file /builds/worker/workspace/build/src/ipc/glue/GeckoChildProcessHost.cpp, line 827
[Parent 46010, Gecko_IOThread] WARNING: Failed to launch tab subprocess: file /builds/worker/workspace/build/src/ipc/glue/GeckoChildProcessHost.cpp, line 557
[Parent 46011, Gecko_IOThread] WARNING: parent WaitForMessage() failed: 0x10004003 (ipc/rcv) timed out: file /builds/worker/workspace/build/src/ipc/glue/GeckoChildProcessHost.cpp, line 827
[Parent 46011, Gecko_IOThread] WARNING: Failed to launch tab subprocess: file /builds/worker/workspace/build/src/ipc/glue/GeckoChildProcessHost.cpp, line 557
[Parent 46009, Gecko_IOThread] WARNING: parent WaitForMessage() failed: 0x10004003 (ipc/rcv) timed out: file /builds/worker/workspace/build/src/ipc/glue/GeckoChildProcessHost.cpp, line 827
[Parent 46009, Gecko_IOThread] WARNING: Failed to launch tab subprocess: file /builds/worker/workspace/build/src/ipc/glue/GeckoChildProcessHost.cpp, line 557
1530279386672	Marionette	INFO	Listening on port 54444
1530279386774	Marionette	INFO	Listening on port 54484
1530279386774	Marionette	WARN	TLS certificate errors will be ignored for this session
1530279386814	Marionette	WARN	TLS certificate errors will be ignored for this session
1530279386973	Marionette	INFO	Listening on port 54477
1530279387036	Marionette	WARN	TLS certificate errors will be ignored for this session
1530279387119	Marionette	INFO	Listening on port 54443
1530279387131	Marionette	INFO	Listening on port 54467
1530279387224	Marionette	WARN	TLS certificate errors will be ignored for this session
1530279387251	Marionette	WARN	TLS certificate errors will be ignored for this session
[Parent 46015, Gecko_IOThread] WARNING: parent WaitForMessage() failed: 0x10004003 (ipc/rcv) timed out: file /builds/worker/workspace/build/src/ipc/glue/GeckoChildProcessHost.cpp, line 827
[Parent 46015, Gecko_IOThread] WARNING: Failed to launch tab subprocess: file /builds/worker/workspace/build/src/ipc/glue/GeckoChildProcessHost.cpp, line 557
JavaScript error: jar:file:///Applications/Firefox.app/Contents/Resources/omni.ja!/components/nsPrompter.js, line 340: NS_ERROR_NOT_AVAILABLE: Cannot call openModalWindow on a hidden window
JavaScript error: chrome://global/content/bindings/remote-browser.xml, line 391: NS_ERROR_UNEXPECTED: Component returned failure code: 0x8000ffff (NS_ERROR_UNEXPECTED) [nsIScriptSecurityManager.getLoadContextCodebasePrincipal]
[Parent 46014, Gecko_IOThread] WARNING: parent WaitForMessage() failed: 0x10004003 (ipc/rcv) timed out: file /builds/worker/workspace/build/src/ipc/glue/GeckoChildProcessHost.cpp, line 827
[Parent 46014, Gecko_IOThread] WARNING: Failed to launch tab subprocess: file /builds/worker/workspace/build/src/ipc/glue/GeckoChildProcessHost.cpp, line 557
JavaScript error: jar:file:///Applications/Firefox.app/Contents/Resources/omni.ja!/components/nsPrompter.js, line 340: NS_ERROR_NOT_AVAILABLE: Cannot call openModalWindow on a hidden window
JavaScript error: chrome://global/content/bindings/remote-browser.xml, line 391: NS_ERROR_UNEXPECTED: Component returned failure code: 0x8000ffff (NS_ERROR_UNEXPECTED) [nsIScriptSecurityManager.getLoadContextCodebasePrincipal]
[Parent 46013, Gecko_IOThread] WARNING: parent WaitForMessage() failed: 0x10004003 (ipc/rcv) timed out: file /builds/worker/workspace/build/src/ipc/glue/GeckoChildProcessHost.cpp, line 827
[Parent 46013, Gecko_IOThread] WARNING: Failed to launch tab subprocess: file /builds/worker/workspace/build/src/ipc/glue/GeckoChildProcessHost.cpp, line 557
JavaScript error: jar:file:///Applications/Firefox.app/Contents/Resources/omni.ja!/components/nsPrompter.js, line 340: NS_ERROR_NOT_AVAILABLE: Cannot call openModalWindow on a hidden window
JavaScript error: chrome://global/content/bindings/remote-browser.xml, line 391: NS_ERROR_UNEXPECTED: Component returned failure code: 0x8000ffff (NS_ERROR_UNEXPECTED) [nsIScriptSecurityManager.getLoadContextCodebasePrincipal]
[Parent 46012, Gecko_IOThread] WARNING: parent WaitForMessage() failed: 0x10004003 (ipc/rcv) timed out: file /builds/worker/workspace/build/src/ipc/glue/GeckoChildProcessHost.cpp, line 827
[Parent 46012, Gecko_IOThread] WARNING: Failed to launch tab subprocess: file /builds/worker/workspace/build/src/ipc/glue/GeckoChildProcessHost.cpp, line 557
[Parent 46009, Gecko_IOThread] WARNING: parent WaitForMessage() failed: 0x10004003 (ipc/rcv) timed out: file /builds/worker/workspace/build/src/ipc/glue/GeckoChildProcessHost.cpp, line 827
[Parent 46009, Gecko_IOThread] WARNING: Failed to launch tab subprocess: file /builds/worker/workspace/build/src/ipc/glue/GeckoChildProcessHost.cpp, line 557
[Parent 46011, Gecko_IOThread] WARNING: parent WaitForMessage() failed: 0x10004003 (ipc/rcv) timed out: file /builds/worker/workspace/build/src/ipc/glue/GeckoChildProcessHost.cpp, line 827
[Parent 46011, Gecko_IOThread] WARNING: Failed to launch tab subprocess: file /builds/worker/workspace/build/src/ipc/glue/GeckoChildProcessHost.cpp, line 557
[Parent 46008, Gecko_IOThread] WARNING: parent WaitForMessage() failed: 0x10004003 (ipc/rcv) timed out: file /builds/worker/workspace/build/src/ipc/glue/GeckoChildProcessHost.cpp, line 827
[Parent 46008, Gecko_IOThread] WARNING: Failed to launch tab subprocess: file /builds/worker/workspace/build/src/ipc/glue/GeckoChildProcessHost.cpp, line 557
[Parent 46010, Gecko_IOThread] WARNING: parent WaitForMessage() failed: 0x10004003 (ipc/rcv) timed out: file /builds/worker/workspace/build/src/ipc/glue/GeckoChildProcessHost.cpp, line 827
[Parent 46010, Gecko_IOThread] WARNING: Failed to launch tab subprocess: file /builds/worker/workspace/build/src/ipc/glue/GeckoChildProcessHost.cpp, line 557
[Parent 46015, Gecko_IOThread] WARNING: parent WaitForMessage() failed: 0x10004003 (ipc/rcv) timed out: file /builds/worker/workspace/build/src/ipc/glue/GeckoChildProcessHost.cpp, line 827
[Parent 46015, Gecko_IOThread] WARNING: Failed to launch tab subprocess: file /builds/worker/workspace/build/src/ipc/glue/GeckoChildProcessHost.cpp, line 557
JavaScript error: jar:file:///Applications/Firefox.app/Contents/Resources/omni.ja!/components/nsPrompter.js, line 340: NS_ERROR_NOT_AVAILABLE: Cannot call openModalWindow on a hidden window
JavaScript error: chrome://global/content/bindings/remote-browser.xml, line 233: TypeError: this.frameLoader.tabParent is null
[Parent 46014, Gecko_IOThread] WARNING: parent WaitForMessage() failed: 0x10004003 (ipc/rcv) timed out: file /builds/worker/workspace/build/src/ipc/glue/GeckoChildProcessHost.cpp, line 827
[Parent 46014, Gecko_IOThread] WARNING: Failed to launch tab subprocess: file /builds/worker/workspace/build/src/ipc/glue/GeckoChildProcessHost.cpp, line 557
JavaScript error: jar:file:///Applications/Firefox.app/Contents/Resources/omni.ja!/components/nsPrompter.js, line 340: NS_ERROR_NOT_AVAILABLE: Cannot call openModalWindow on a hidden window
JavaScript error: chrome://global/content/bindings/remote-browser.xml, line 233: TypeError: this.frameLoader.tabParent is null
[Parent 46013, Gecko_IOThread] WARNING: parent WaitForMessage() failed: 0x10004003 (ipc/rcv) timed out: file /builds/worker/workspace/build/src/ipc/glue/GeckoChildProcessHost.cpp, line 827
[Parent 46013, Gecko_IOThread] WARNING: Failed to launch tab subprocess: file /builds/worker/workspace/build/src/ipc/glue/GeckoChildProcessHost.cpp, line 557
JavaScript error: jar:file:///Applications/Firefox.app/Contents/Resources/omni.ja!/components/nsPrompter.js, line 340: NS_ERROR_NOT_AVAILABLE: Cannot call openModalWindow on a hidden window
JavaScript error: chrome://global/content/bindings/remote-browser.xml, line 233: TypeError: this.frameLoader.tabParent is null
[Parent 46012, Gecko_IOThread] WARNING: parent WaitForMessage() failed: 0x10004003 (ipc/rcv) timed out: file /builds/worker/workspace/build/src/ipc/glue/GeckoChildProcessHost.cpp, line 827
[Parent 46012, Gecko_IOThread] WARNING: Failed to launch tab subprocess: file /builds/worker/workspace/build/src/ipc/glue/GeckoChildProcessHost.cpp, line 557
JavaScript error: chrome://global/content/bindings/remote-browser.xml, line 391: NS_ERROR_UNEXPECTED: Component returned failure code: 0x8000ffff (NS_ERROR_UNEXPECTED) [nsIScriptSecurityManager.getLoadContextCodebasePrincipal]
[Parent 46009, Gecko_IOThread] WARNING: parent WaitForMessage() failed: 0x10004003 (ipc/rcv) timed out: file /builds/worker/workspace/build/src/ipc/glue/GeckoChildProcessHost.cpp, line 827
[Parent 46009, Gecko_IOThread] WARNING: Failed to launch tab subprocess: file /builds/worker/workspace/build/src/ipc/glue/GeckoChildProcessHost.cpp, line 557
JavaScript error: chrome://global/content/bindings/remote-browser.xml, line 391: NS_ERROR_UNEXPECTED: Component returned failure code: 0x8000ffff (NS_ERROR_UNEXPECTED) [nsIScriptSecurityManager.getLoadContextCodebasePrincipal]
[Parent 46011, Gecko_IOThread] WARNING: parent WaitForMessage() failed: 0x10004003 (ipc/rcv) timed out: file /builds/worker/workspace/build/src/ipc/glue/GeckoChildProcessHost.cpp, line 827
[Parent 46011, Gecko_IOThread] WARNING: Failed to launch tab subprocess: file /builds/worker/workspace/build/src/ipc/glue/GeckoChildProcessHost.cpp, line 557
JavaScript error: chrome://global/content/bindings/remote-browser.xml, line 391: NS_ERROR_UNEXPECTED: Component returned failure code: 0x8000ffff (NS_ERROR_UNEXPECTED) [nsIScriptSecurityManager.getLoadContextCodebasePrincipal]
[Parent 46008, Gecko_IOThread] WARNING: parent WaitForMessage() failed: 0x10004003 (ipc/rcv) timed out: file /builds/worker/workspace/build/src/ipc/glue/GeckoChildProcessHost.cpp, line 827
[Parent 46008, Gecko_IOThread] WARNING: Failed to launch tab subprocess: file /builds/worker/workspace/build/src/ipc/glue/GeckoChildProcessHost.cpp, line 557
JavaScript error: chrome://global/content/bindings/remote-browser.xml, line 391: NS_ERROR_UNEXPECTED: Component returned failure code: 0x8000ffff (NS_ERROR_UNEXPECTED) [nsIScriptSecurityManager.getLoadContextCodebasePrincipal]
[Parent 46010, Gecko_IOThread] WARNING: parent WaitForMessage() failed: 0x10004003 (ipc/rcv) timed out: file /builds/worker/workspace/build/src/ipc/glue/GeckoChildProcessHost.cpp, line 827
[Parent 46010, Gecko_IOThread] WARNING: Failed to launch tab subprocess: file /builds/worker/workspace/build/src/ipc/glue/GeckoChildProcessHost.cpp, line 557
JavaScript error: chrome://global/content/bindings/remote-browser.xml, line 391: NS_ERROR_UNEXPECTED: Component returned failure code: 0x8000ffff (NS_ERROR_UNEXPECTED) [nsIScriptSecurityManager.getLoadContextCodebasePrincipal]
[Parent 46015, Gecko_IOThread] WARNING: parent WaitForMessage() failed: 0x10004003 (ipc/rcv) timed out: file /builds/worker/workspace/build/src/ipc/glue/GeckoChildProcessHost.cpp, line 827
[Parent 46015, Gecko_IOThread] WARNING: Failed to launch tab subprocess: file /builds/worker/workspace/build/src/ipc/glue/GeckoChildProcessHost.cpp, line 557
[Parent 46014, Gecko_IOThread] WARNING: parent WaitForMessage() failed: 0x10004003 (ipc/rcv) timed out: file /builds/worker/workspace/build/src/ipc/glue/GeckoChildProcessHost.cpp, line 827
[Parent 46014, Gecko_IOThread] WARNING: Failed to launch tab subprocess: file /builds/worker/workspace/build/src/ipc/glue/GeckoChildProcessHost.cpp, line 557
[Parent 46013, Gecko_IOThread] WARNING: parent WaitForMessage() failed: 0x10004003 (ipc/rcv) timed out: file /builds/worker/workspace/build/src/ipc/glue/GeckoChildProcessHost.cpp, line 827
[Parent 46013, Gecko_IOThread] WARNING: Failed to launch tab subprocess: file /builds/worker/workspace/build/src/ipc/glue/GeckoChildProcessHost.cpp, line 557
1530279415993	Marionette	INFO	Listening on port 54492
1530279416001	Marionette	INFO	Listening on port 54496
1530279416048	Marionette	WARN	TLS certificate errors will be ignored for this session
1530279416049	Marionette	WARN	TLS certificate errors will be ignored for this session
1530279416242	Marionette	INFO	Listening on port 54490
1530279416282	Marionette	WARN	TLS certificate errors will be ignored for this session
[Parent 46012, Gecko_IOThread] WARNING: parent WaitForMessage() failed: 0x10004003 (ipc/rcv) timed out: file /builds/worker/workspace/build/src/ipc/glue/GeckoChildProcessHost.cpp, line 827
[Parent 46012, Gecko_IOThread] WARNING: Failed to launch tab subprocess: file /builds/worker/workspace/build/src/ipc/glue/GeckoChildProcessHost.cpp, line 557
[Parent 46009, Gecko_IOThread] WARNING: parent WaitForMessage() failed: 0x10004003 (ipc/rcv) timed out: file /builds/worker/workspace/build/src/ipc/glue/GeckoChildProcessHost.cpp, line 827
[Parent 46009, Gecko_IOThread] WARNING: Failed to launch tab subprocess: file /builds/worker/workspace/build/src/ipc/glue/GeckoChildProcessHost.cpp, line 557
[Parent 46011, Gecko_IOThread] WARNING: parent WaitForMessage() failed: 0x10004003 (ipc/rcv) timed out: file /builds/worker/workspace/build/src/ipc/glue/GeckoChildProcessHost.cpp, line 827
[Parent 46011, Gecko_IOThread] WARNING: Failed to launch tab subprocess: file /builds/worker/workspace/build/src/ipc/glue/GeckoChildProcessHost.cpp, line 557
[Parent 46008, Gecko_IOThread] WARNING: parent WaitForMessage() failed: 0x10004003 (ipc/rcv) timed out: file /builds/worker/workspace/build/src/ipc/glue/GeckoChildProcessHost.cpp, line 827
[Parent 46008, Gecko_IOThread] WARNING: Failed to launch tab subprocess: file /builds/worker/workspace/build/src/ipc/glue/GeckoChildProcessHost.cpp, line 557
[Parent 46010, Gecko_IOThread] WARNING: parent WaitForMessage() failed: 0x10004003 (ipc/rcv) timed out: file /builds/worker/workspace/build/src/ipc/glue/GeckoChildProcessHost.cpp, line 827
[Parent 46010, Gecko_IOThread] WARNING: Failed to launch tab subprocess: file /builds/worker/workspace/build/src/ipc/glue/GeckoChildProcessHost.cpp, line 557
JavaScript error: chrome://global/content/bindings/remote-browser.xml, line 233: TypeError: this.frameLoader.tabParent is null
JavaScript error: chrome://global/content/bindings/remote-browser.xml, line 233: TypeError: this.frameLoader.tabParent is null
JavaScript error: chrome://global/content/bindings/remote-browser.xml, line 233: TypeError: this.frameLoader.tabParent is null
JavaScript error: chrome://global/content/bindings/remote-browser.xml, line 233: TypeError: this.frameLoader.tabParent is null
A content process crashed and MOZ_CRASHREPORTER_SHUTDOWN is set, shutting down
JavaScript error: chrome://global/content/bindings/remote-browser.xml, line 312: TypeError: tabParent is null
1530279418097	addons.xpi	WARN	Exception running bootstrap method shutdown on activity-stream@mozilla.org: [Exception... "Component returned failure code: 0x80004005 (NS_ERROR_FAILURE) [nsIObserverService.removeObserver]"  nsresult: "0x80004005 (NS_ERROR_FAILURE)"  location: "JS frame :: resource://activity-stream/lib/SnippetsFeed.jsm :: uninit :: line 185"  data: no] Stack trace: uninit()@resource://activity-stream/lib/SnippetsFeed.jsm:185
onAction()@resource://activity-stream/lib/SnippetsFeed.jsm:201
_middleware/</<()@resource://activity-stream/lib/Store.jsm:49
Store/this[method]()@resource://activity-stream/lib/Store.jsm:28
uninit()@resource://activity-stream/lib/Store.jsm:151
uninit()@resource://activity-stream/lib/ActivityStream.jsm:300
uninit()@resource://gre/modules/addons/XPIProvider.jsm -> jar:file:///Applications/Firefox.app/Contents/Resources/browser/features/activity-stream@mozilla.org.xpi!/bootstrap.js:73
shutdown()@resource://gre/modules/addons/XPIProvider.jsm -> jar:file:///Applications/Firefox.app/Contents/Resources/browser/features/activity-stream@mozilla.org.xpi!/bootstrap.js:169
callBootstrapMethod()@resource://gre/modules/addons/XPIProvider.jsm:4436
observe()@resource://gre/modules/addons/XPIProvider.jsm:2287
observe()@resource:///modules/ContentCrashHandlers.jsm:157
WARNING: A blocker encountered an error while we were waiting.
          Blocker:  SessionStore: flushing all windows
          Phase: quit-application-granted
          State: {"total":-1,"current":-1}
WARNING: [Exception... "Component returned failure code: 0xc1f30001 (NS_ERROR_NOT_INITIALIZED) [nsIMessageSender.sendAsyncMessage]"  nsresult: "0xc1f30001 (NS_ERROR_NOT_INITIALIZED)"  location: "JS frame :: resource:///modules/sessionstore/TabStateFlusher.jsm :: flush :: line 85"  data: no]
WARNING: flush@resource:///modules/sessionstore/TabStateFlusher.jsm:85:5
flushWindow@resource:///modules/sessionstore/TabStateFlusher.jsm:108:23
flushWindow@resource:///modules/sessionstore/TabStateFlusher.jsm:31:12
flushAllWindowsAsync/<@resource:///modules/sessionstore/SessionStore.jsm:1671:31
ssi_forEachBrowserWindow@resource:///modules/sessionstore/SessionStore.jsm:4221:9
flushAllWindowsAsync@resource:///modules/sessionstore/SessionStore.jsm:1670:5
ssi_onQuitApplicationGranted/<@resource:///modules/sessionstore/SessionStore.jsm:1614:27
trigger@resource://gre/modules/AsyncShutdown.jsm:710:23
_wait@resource://gre/modules/AsyncShutdown.jsm:857:7
wait@resource://gre/modules/AsyncShutdown.jsm:841:28
observe@resource://gre/modules/AsyncShutdown.jsm:524:17
observe@resource:///modules/ContentCrashHandlers.jsm:157:11

JavaScript error: resource:///modules/sessionstore/SessionStore.jsm, line 4763: NS_ERROR_NOT_INITIALIZED: Component returned failure code: 0xc1f30001 (NS_ERROR_NOT_INITIALIZED) [nsIMessageSender.sendAsyncMessage]
JavaScript error: chrome://browser/content/tabbrowser.js, line 3948: TypeError: browser.webProgress is null
*** UTM:SVC TimerManager:registerTimer called after profile-before-change notification. Ignoring timer registration for id: telemetry_modules_ping
JavaScript error: resource://gre/modules/osfile/osfile_async_front.jsm, line 408: Error: OS.File has been shut down. Rejecting post to DirectoryIterator_prototype_close
JavaScript error: resource://gre/modules/ProfileAge.jsm, line 174: Error: Unable to fetch oldest profile entry: Error: OS.File has been shut down. Rejecting request to DirectoryIterator_prototype_next
JavaScript error: resource://gre/modules/osfile/osfile_async_front.jsm, line 408: Error: OS.File has been shut down. Rejecting post to DirectoryIterator_prototype_close
JavaScript error: resource://gre/modules/ProfileAge.jsm, line 174: Error: Unable to fetch oldest profile entry: Error: OS.File has been shut down. Rejecting post to DirectoryIterator_prototype_next
1530279418959	geckodriver	INFO	geckodriver 0.21.0
1530279418967	geckodriver	INFO	Listening on 127.0.0.1:56658
1530279419973	mozrunner::runner	INFO	Running command: "/Applications/Firefox.app/Contents/MacOS/firefox-bin" "-marionette" "--headless" "-foreground" "-no-remote" "-profile" "/var/folders/h7/v1l7rrb12jxb4q7c1nwd547m0000gn/T/rust_mozprofile.6nDziicCb1p3"
*** You are running in headless mode.
2018-06-29 06:37:01.492 plugin-container[46025:16914564] *** CFMessagePort: bootstrap_register(): failed 1100 (0x44c) 'Permission denied', port = 0x9f37, name = 'com.apple.tsm.portname'
See /usr/include/servers/bootstrap_defs.h for the error codes.
1530279421978	Marionette	INFO	Listening on port 56675
1530279422018	Marionette	WARN	TLS certificate errors will be ignored for this session
2018-06-29 06:37:02.504 plugin-container[46026:16914689] *** CFMessagePort: bootstrap_register(): failed 1100 (0x44c) 'Permission denied', port = 0x9a37, name = 'com.apple.tsm.portname'
See /usr/include/servers/bootstrap_defs.h for the error codes.
*** UTM:SVC TimerManager:registerTimer called after profile-before-change notification. Ignoring timer registration for id: telemetry_modules_ping
1530279425579	geckodriver	INFO	geckodriver 0.21.0
1530279425586	geckodriver	INFO	Listening on 127.0.0.1:56710
1530279426596	mozrunner::runner	INFO	Running command: "/Applications/Firefox.app/Contents/MacOS/firefox-bin" "-marionette" "--headless" "-foreground" "-no-remote" "-profile" "/var/folders/h7/v1l7rrb12jxb4q7c1nwd547m0000gn/T/rust_mozprofile.AdcULZVpCIOb"
*** You are running in headless mode.
2018-06-29 06:37:08.029 plugin-container[46029:16915135] *** CFMessagePort: bootstrap_register(): failed 1100 (0x44c) 'Permission denied', port = 0x9f37, name = 'com.apple.tsm.portname'
See /usr/include/servers/bootstrap_defs.h for the error codes.
1530279428455	Marionette	INFO	Listening on port 56726
1530279428538	Marionette	WARN	TLS certificate errors will be ignored for this session
2018-06-29 06:37:09.018 plugin-container[46030:16915363] *** CFMessagePort: bootstrap_register(): failed 1100 (0x44c) 'Permission denied', port = 0x9937, name = 'com.apple.tsm.portname'
See /usr/include/servers/bootstrap_defs.h for the error codes.
*** UTM:SVC TimerManager:registerTimer called after profile-before-change notification. Ignoring timer registration for id: telemetry_modules_ping
1530279434942	geckodriver	INFO	geckodriver 0.21.0
1530279434950	geckodriver	INFO	Listening on 127.0.0.1:56762
1530279435957	mozrunner::runner	INFO	Running command: "/Applications/Firefox.app/Contents/MacOS/firefox-bin" "-marionette" "--headless" "-foreground" "-no-remote" "-profile" "/var/folders/h7/v1l7rrb12jxb4q7c1nwd547m0000gn/T/rust_mozprofile.spxbgCyprAnK"
*** You are running in headless mode.
2018-06-29 06:37:17.448 plugin-container[46033:16916408] *** CFMessagePort: bootstrap_register(): failed 1100 (0x44c) 'Permission denied', port = 0x9e3b, name = 'com.apple.tsm.portname'
See /usr/include/servers/bootstrap_defs.h for the error codes.
1530279437930	Marionette	INFO	Listening on port 56782
1530279438127	Marionette	WARN	TLS certificate errors will be ignored for this session
2018-06-29 06:37:18.617 plugin-container[46034:16916545] *** CFMessagePort: bootstrap_register(): failed 1100 (0x44c) 'Permission denied', port = 0x9937, name = 'com.apple.tsm.portname'
See /usr/include/servers/bootstrap_defs.h for the error codes.
*** UTM:SVC TimerManager:registerTimer called after profile-before-change notification. Ignoring timer registration for id: telemetry_modules_ping
1530279440759	geckodriver	INFO	geckodriver 0.21.0
1530279440766	geckodriver	INFO	Listening on 127.0.0.1:56816
1530279441769	mozrunner::runner	INFO	Running command: "/Applications/Firefox.app/Contents/MacOS/firefox-bin" "-marionette" "--headless" "-foreground" "-no-remote" "-profile" "/var/folders/h7/v1l7rrb12jxb4q7c1nwd547m0000gn/T/rust_mozprofile.RKT4qodsqFC0"
*** You are running in headless mode.
2018-06-29 06:37:23.230 plugin-container[46037:16916711] *** CFMessagePort: bootstrap_register(): failed 1100 (0x44c) 'Permission denied', port = 0x9b3b, name = 'com.apple.tsm.portname'
See /usr/include/servers/bootstrap_defs.h for the error codes.
1530279443655	Marionette	INFO	Listening on port 56832
1530279443800	Marionette	WARN	TLS certificate errors will be ignored for this session
2018-06-29 06:37:24.276 plugin-container[46038:16916785] *** CFMessagePort: bootstrap_register(): failed 1100 (0x44c) 'Permission denied', port = 0x9837, name = 'com.apple.tsm.portname'
See /usr/include/servers/bootstrap_defs.h for the error codes.
*** UTM:SVC TimerManager:registerTimer called after profile-before-change notification. Ignoring timer registration for id: telemetry_modules_ping
1530279449839	geckodriver	INFO	geckodriver 0.21.0
1530279449847	geckodriver	INFO	Listening on 127.0.0.1:56868
1530279450856	mozrunner::runner	INFO	Running command: "/Applications/Firefox.app/Contents/MacOS/firefox-bin" "-marionette" "--headless" "-foreground" "-no-remote" "-profile" "/var/folders/h7/v1l7rrb12jxb4q7c1nwd547m0000gn/T/rust_mozprofile.oRqFr69UPLDT"
*** You are running in headless mode.
2018-06-29 06:37:32.300 plugin-container[46041:16917955] *** CFMessagePort: bootstrap_register(): failed 1100 (0x44c) 'Permission denied', port = 0x9d37, name = 'com.apple.tsm.portname'
See /usr/include/servers/bootstrap_defs.h for the error codes.
1530279452716	Marionette	INFO	Listening on port 56884
1530279452884	Marionette	WARN	TLS certificate errors will be ignored for this session
2018-06-29 06:37:33.384 plugin-container[46042:16918175] *** CFMessagePort: bootstrap_register(): failed 1100 (0x44c) 'Permission denied', port = 0x9933, name = 'com.apple.tsm.portname'
See /usr/include/servers/bootstrap_defs.h for the error codes.
*** UTM:SVC TimerManager:registerTimer called after profile-before-change notification. Ignoring timer registration for id: telemetry_modules_ping
1530279458970	geckodriver	INFO	geckodriver 0.21.0
1530279458977	geckodriver	INFO	Listening on 127.0.0.1:56921
1530279459987	mozrunner::runner	INFO	Running command: "/Applications/Firefox.app/Contents/MacOS/firefox-bin" "-marionette" "--headless" "-foreground" "-no-remote" "-profile" "/var/folders/h7/v1l7rrb12jxb4q7c1nwd547m0000gn/T/rust_mozprofile.iWBlaqN8RZZ2"
*** You are running in headless mode.
2018-06-29 06:37:41.412 plugin-container[46045:16919358] *** CFMessagePort: bootstrap_register(): failed 1100 (0x44c) 'Permission denied', port = 0x9d37, name = 'com.apple.tsm.portname'
See /usr/include/servers/bootstrap_defs.h for the error codes.
1530279461820	Marionette	INFO	Listening on port 56937
1530279461846	Marionette	WARN	TLS certificate errors will be ignored for this session
2018-06-29 06:37:42.348 plugin-container[46046:16919595] *** CFMessagePort: bootstrap_register(): failed 1100 (0x44c) 'Permission denied', port = 0x983b, name = 'com.apple.tsm.portname'
See /usr/include/servers/bootstrap_defs.h for the error codes.
*** UTM:SVC TimerManager:registerTimer called after profile-before-change notification. Ignoring timer registration for id: telemetry_modules_ping
1530279464473	geckodriver	INFO	geckodriver 0.21.0
1530279464480	geckodriver	INFO	Listening on 127.0.0.1:56970
1530279465487	mozrunner::runner	INFO	Running command: "/Applications/Firefox.app/Contents/MacOS/firefox-bin" "-marionette" "--headless" "-foreground" "-no-remote" "-profile" "/var/folders/h7/v1l7rrb12jxb4q7c1nwd547m0000gn/T/rust_mozprofile.xlh9wpSfWJUi"
*** You are running in headless mode.
2018-06-29 06:37:46.926 plugin-container[46050:16920539] *** CFMessagePort: bootstrap_register(): failed 1100 (0x44c) 'Permission denied', port = 0x9d37, name = 'com.apple.tsm.portname'
See /usr/include/servers/bootstrap_defs.h for the error codes.
1530279467650	Marionette	INFO	Listening on port 56986
1530279467734	Marionette	WARN	TLS certificate errors will be ignored for this session
2018-06-29 06:37:48.221 plugin-container[46051:16920662] *** CFMessagePort: bootstrap_register(): failed 1100 (0x44c) 'Permission denied', port = 0x990f, name = 'com.apple.tsm.portname'
See /usr/include/servers/bootstrap_defs.h for the error codes.
*** UTM:SVC TimerManager:registerTimer called after profile-before-change notification. Ignoring timer registration for id: telemetry_modules_ping
1530279474436	geckodriver	INFO	geckodriver 0.21.0
1530279474443	geckodriver	INFO	Listening on 127.0.0.1:57025
1530279475454	mozrunner::runner	INFO	Running command: "/Applications/Firefox.app/Contents/MacOS/firefox-bin" "-marionette" "--headless" "-foreground" "-no-remote" "-profile" "/var/folders/h7/v1l7rrb12jxb4q7c1nwd547m0000gn/T/rust_mozprofile.ZwDoDNL0BABX"
*** You are running in headless mode.
2018-06-29 06:37:56.892 plugin-container[46054:16922100] *** CFMessagePort: bootstrap_register(): failed 1100 (0x44c) 'Permission denied', port = 0x9d3b, name = 'com.apple.tsm.portname'
See /usr/include/servers/bootstrap_defs.h for the error codes.
1530279477280	Marionette	INFO	Listening on port 57044
1530279477305	Marionette	WARN	TLS certificate errors will be ignored for this session
2018-06-29 06:37:57.805 plugin-container[46055:16922239] *** CFMessagePort: bootstrap_register(): failed 1100 (0x44c) 'Permission denied', port = 0x973b, name = 'com.apple.tsm.portname'
See /usr/include/servers/bootstrap_defs.h for the error codes.
*** UTM:SVC TimerManager:registerTimer called after profile-before-change notification. Ignoring timer registration for id: telemetry_modules_ping
1530279481478	geckodriver	INFO	geckodriver 0.21.0
1530279481486	geckodriver	INFO	Listening on 127.0.0.1:57079
1530279482495	mozrunner::runner	INFO	Running command: "/Applications/Firefox.app/Contents/MacOS/firefox-bin" "-marionette" "--headless" "-foreground" "-no-remote" "-profile" "/var/folders/h7/v1l7rrb12jxb4q7c1nwd547m0000gn/T/rust_mozprofile.WqqPIK89rvsS"
*** You are running in headless mode.
2018-06-29 06:38:03.959 plugin-container[46058:16923288] *** CFMessagePort: bootstrap_register(): failed 1100 (0x44c) 'Permission denied', port = 0x9f37, name = 'com.apple.tsm.portname'
See /usr/include/servers/bootstrap_defs.h for the error codes.
1530279484386	Marionette	INFO	Listening on port 57095
1530279484432	Marionette	WARN	TLS certificate errors will be ignored for this session
2018-06-29 06:38:04.942 plugin-container[46059:16923532] *** CFMessagePort: bootstrap_register(): failed 1100 (0x44c) 'Permission denied', port = 0x9937, name = 'com.apple.tsm.portname'
See /usr/include/servers/bootstrap_defs.h for the error codes.
*** UTM:SVC TimerManager:registerTimer called after profile-before-change notification. Ignoring timer registration for id: telemetry_modules_ping
1530279488221	geckodriver	INFO	geckodriver 0.21.0
1530279488228	geckodriver	INFO	Listening on 127.0.0.1:57129
1530279489238	mozrunner::runner	INFO	Running command: "/Applications/Firefox.app/Contents/MacOS/firefox-bin" "-marionette" "--headless" "-foreground" "-no-remote" "-profile" "/var/folders/h7/v1l7rrb12jxb4q7c1nwd547m0000gn/T/rust_mozprofile.u3urWk6BPRa4"
*** You are running in headless mode.
